<?xml version="1.0" encoding="UTF-8"?>
<!-- Generated by org.testng.reporters.JUnitXMLReporter -->
<testsuite hostname="LIN55000210" name="freeCRM suite 1" tests="8" failures="0" timestamp="17 Jun 2019 21:03:22 GMT" time="99.759" errors="0">
  <testcase name="landingPageTitleTest" time="0.31" classname="com.CRM.qa.testCases.LandingPageTest"/>
  <testcase name="landingPageLogoTest" time="0.359" classname="com.CRM.qa.testCases.LandingPageTest"/>
  <testcase name="loginButtonTest" time="5.088" classname="com.CRM.qa.testCases.LandingPageTest"/>
  <testcase name="validateLoginPageTitle" time="0.027" classname="com.CRM.qa.testCases.LoginPageTest"/>
  <testcase name="validateLoginCredential" time="0.785" classname="com.CRM.qa.testCases.LoginPageTest"/>
  <testcase name="verifyUserNameLabelTest" time="1.118" classname="com.CRM.qa.testCases.HomePageTest"/>
  <testcase name="verifyDealsSummaryTextTest" time="1.159" classname="com.CRM.qa.testCases.HomePageTest"/>
  <testcase name="verifyContactsLinkTest" time="1.742" classname="com.CRM.qa.testCases.HomePageTest"/>
</testsuite> <!-- freeCRM suite 1 -->
