<?xml version="1.0" encoding="UTF-8"?>
<testng-results skipped="0" failed="0" ignored="0" total="1" passed="1">
  <reporter-output>
  </reporter-output>
  <suite name="Default suite" duration-ms="61" started-at="2019-10-22T23:40:09Z" finished-at="2019-10-22T23:40:09Z">
    <groups>
    </groups>
    <test name="Default test" duration-ms="61" started-at="2019-10-22T23:40:09Z" finished-at="2019-10-22T23:40:09Z">
      <class name="JavaTPoint.JavaTProgram">
        <test-method status="PASS" signature="StringConcatinate()[pri:0, instance:JavaTPoint.JavaTProgram@73ad2d6]" name="StringConcatinate" duration-ms="20" started-at="2019-10-22T23:40:09Z" finished-at="2019-10-22T23:40:09Z">
          <reporter-output>
          </reporter-output>
        </test-method> <!-- StringConcatinate -->
      </class> <!-- JavaTPoint.JavaTProgram -->
    </test> <!-- Default test -->
  </suite> <!-- Default suite -->
</testng-results>
