<?xml version="1.0" encoding="UTF-8"?>
<!-- Generated by org.testng.reporters.JUnitXMLReporter -->
<testsuite hostname="LIN55000210" ignored="0" name="Default test" tests="7" failures="0" timestamp="14 Nov 2019 16:25:19 GMT" time="102.39" errors="0">
  <testcase name="feature" time="16.06" classname="myRunner.TestRunner"/>
  <testcase name="feature" time="17.347" classname="myRunner.TestRunner"/>
  <testcase name="feature" time="16.125" classname="myRunner.TestRunner"/>
  <testcase name="feature" time="10.312" classname="myRunner.TestRunner"/>
  <testcase name="feature" time="15.611" classname="myRunner.TestRunner"/>
  <testcase name="feature" time="11.626" classname="myRunner.TestRunner"/>
  <testcase name="feature" time="14.808" classname="myRunner.TestRunner"/>
</testsuite> <!-- Default test -->
