<?xml version="1.0" encoding="UTF-8"?>
<!-- Generated by org.testng.reporters.JUnitXMLReporter -->
<testsuite hostname="LIN55000210" ignored="0" name="safeGaurdProject" tests="7" failures="0" timestamp="14 Nov 2019 18:02:11 GMT" time="102.485" errors="0">
  <testcase name="feature" time="15.09" classname="myRunner.TestRunner"/>
  <testcase name="feature" time="19.368" classname="myRunner.TestRunner"/>
  <testcase name="feature" time="13.843" classname="myRunner.TestRunner"/>
  <testcase name="feature" time="10.417" classname="myRunner.TestRunner"/>
  <testcase name="feature" time="16.991" classname="myRunner.TestRunner"/>
  <testcase name="feature" time="11.006" classname="myRunner.TestRunner"/>
  <testcase name="feature" time="15.237" classname="myRunner.TestRunner"/>
</testsuite> <!-- safeGaurdProject -->
